<?xml version="1.0" encoding="UTF-8"?>
<testng-results ignored="0" total="2" passed="2" failed="0" skipped="0">
  <reporter-output>
  </reporter-output>
  <suite started-at="2021-12-30T09:05:00Z" name="Suite" finished-at="2021-12-30T09:06:56Z" duration-ms="116687">
    <groups>
    </groups>
    <test started-at="2021-12-30T09:05:00Z" name="Test" finished-at="2021-12-30T09:06:56Z" duration-ms="116687">
      <class name="com.wirisQuestionsClasses.TestCasesToCreateQuestions">
        <test-method is-config="true" signature="beforeClass()[pri:0, instance:com.wirisQuestionsClasses.TestCasesToCreateQuestions@71329995]" started-at="2021-12-30T09:05:00Z" name="beforeClass" finished-at="2021-12-30T09:05:00Z" duration-ms="311" status="PASS">
          <reporter-output>
          </reporter-output>
        </test-method> <!-- beforeClass -->
        <test-method signature="loginAuth()[pri:0, instance:com.wirisQuestionsClasses.TestCasesToCreateQuestions@71329995]" started-at="2021-12-30T09:05:00Z" name="loginAuth" finished-at="2021-12-30T09:05:16Z" duration-ms="15807" status="PASS">
          <reporter-output>
          </reporter-output>
        </test-method> <!-- loginAuth -->
        <test-method signature="wirisAssessment()[pri:0, instance:com.wirisQuestionsClasses.TestCasesToCreateQuestions@71329995]" started-at="2021-12-30T09:05:16Z" name="wirisAssessment" finished-at="2021-12-30T09:06:56Z" duration-ms="99894" status="PASS">
          <reporter-output>
          </reporter-output>
        </test-method> <!-- wirisAssessment -->
        <test-method is-config="true" signature="afterClass()[pri:0, instance:com.wirisQuestionsClasses.TestCasesToCreateQuestions@71329995]" started-at="2021-12-30T09:06:56Z" name="afterClass" finished-at="2021-12-30T09:06:56Z" duration-ms="633" status="PASS">
          <reporter-output>
          </reporter-output>
        </test-method> <!-- afterClass -->
      </class> <!-- com.wirisQuestionsClasses.TestCasesToCreateQuestions -->
    </test> <!-- Test -->
  </suite> <!-- Suite -->
</testng-results>
