<?xml version="1.0" encoding="UTF-8"?>
<!-- Generated by org.testng.reporters.JUnitXMLReporter -->
<testsuite ignored="0" hostname="DESKTOP-2BVS31M" failures="0" tests="2" name="Test" time="116.687" errors="0" timestamp="30 Dec 2021 09:06:56 GMT">
  <testcase classname="com.wirisQuestionsClasses.TestCasesToCreateQuestions" name="loginAuth" time="15.807"/>
  <testcase classname="com.wirisQuestionsClasses.TestCasesToCreateQuestions" name="wirisAssessment" time="99.894"/>
</testsuite> <!-- Test -->
